{"/Users/nicholastate/Yayuhh/swiper/lib/scutter.js":{"path":"/Users/nicholastate/Yayuhh/swiper/lib/scutter.js","s":{"1":1,"2":1,"3":1,"4":1,"5":1,"6":1,"7":1,"8":1,"9":1,"10":1,"11":1,"12":1,"13":1,"14":1,"15":0,"16":0,"17":0,"18":0,"19":0,"20":0,"21":0,"22":0,"23":0,"24":0,"25":0,"26":0,"27":0,"28":0,"29":1,"30":1,"31":0,"32":0,"33":0,"34":0,"35":0,"36":0,"37":0,"38":0,"39":0,"40":0,"41":0,"42":0,"43":0,"44":0,"45":0,"46":0,"47":0,"48":0,"49":0,"50":0,"51":0,"52":0,"53":1,"54":0,"55":0,"56":0,"57":0,"58":0,"59":0,"60":1,"61":0,"62":0,"63":0,"64":0,"65":0,"66":0,"67":1,"68":0,"69":0,"70":0,"71":0,"72":0,"73":0,"74":1,"75":0,"76":0,"77":0,"78":0,"79":0,"80":1,"81":0,"82":0,"83":0,"84":0,"85":1,"86":0,"87":0,"88":0,"89":0,"90":0,"91":0,"92":0,"93":0,"94":0,"95":0,"96":0,"97":0,"98":0,"99":0,"100":0,"101":0,"102":0,"103":0,"104":0,"105":0,"106":0,"107":1,"108":0,"109":0,"110":0,"111":0,"112":0,"113":0,"114":0,"115":0,"116":0,"117":0,"118":0,"119":0,"120":0,"121":0,"122":0,"123":0,"124":0,"125":0,"126":0,"127":0,"128":0,"129":0,"130":0,"131":0,"132":0,"133":0,"134":0,"135":0,"136":0,"137":0,"138":0,"139":0,"140":0,"141":1,"142":0,"143":0,"144":0,"145":0,"146":0,"147":0,"148":0,"149":1,"150":1,"151":3,"152":3},"b":{"1":[0,0],"2":[0,0],"3":[0,0],"4":[0,0],"5":[0,0],"6":[0,0],"7":[0,0],"8":[0,0],"9":[0,0],"10":[0,0],"11":[0,0],"12":[0,0],"13":[0,0],"14":[0,0],"15":[0,0,0],"16":[0,0],"17":[0,0],"18":[0,0],"19":[0,0],"20":[0,0],"21":[0,0],"22":[0,0],"23":[0,0],"24":[0,0],"25":[0,0],"26":[0,0],"27":[0,0],"28":[0,0],"29":[0,0],"30":[0,0],"31":[0,0],"32":[0,0],"33":[3,3]},"f":{"1":0,"2":0,"3":0,"4":0,"5":0,"6":0,"7":0,"8":0,"9":0,"10":0,"11":0,"12":0,"13":0,"14":0,"15":0,"16":0,"17":0,"18":0,"19":0,"20":0,"21":0,"22":0,"23":0,"24":0,"25":0,"26":3},"fnMap":{"1":{"name":"Scutter","line":20,"loc":{"start":{"line":20,"column":0},"end":{"line":20,"column":27}}},"2":{"name":"(anonymous_2)","line":36,"loc":{"start":{"line":36,"column":16},"end":{"line":36,"column":42}}},"3":{"name":"(anonymous_3)","line":40,"loc":{"start":{"line":40,"column":12},"end":{"line":40,"column":23}}},"4":{"name":"step","line":52,"loc":{"start":{"line":52,"column":25},"end":{"line":52,"column":52}}},"5":{"name":"(anonymous_5)","line":72,"loc":{"start":{"line":72,"column":15},"end":{"line":72,"column":50}}},"6":{"name":"(anonymous_6)","line":82,"loc":{"start":{"line":82,"column":36},"end":{"line":82,"column":60}}},"7":{"name":"processHtml","line":93,"loc":{"start":{"line":93,"column":4},"end":{"line":93,"column":31}}},"8":{"name":"(anonymous_8)","line":94,"loc":{"start":{"line":94,"column":28},"end":{"line":94,"column":39}}},"9":{"name":"_collect","line":108,"loc":{"start":{"line":108,"column":6},"end":{"line":108,"column":28}}},"10":{"name":"(anonymous_10)","line":109,"loc":{"start":{"line":109,"column":26},"end":{"line":109,"column":49}}},"11":{"name":"(anonymous_11)","line":114,"loc":{"start":{"line":114,"column":24},"end":{"line":114,"column":39}}},"12":{"name":"_select","line":125,"loc":{"start":{"line":125,"column":6},"end":{"line":125,"column":27}}},"13":{"name":"(anonymous_13)","line":126,"loc":{"start":{"line":126,"column":41},"end":{"line":126,"column":64}}},"14":{"name":"(anonymous_14)","line":131,"loc":{"start":{"line":131,"column":24},"end":{"line":131,"column":39}}},"15":{"name":"_stash","line":142,"loc":{"start":{"line":142,"column":6},"end":{"line":142,"column":26}}},"16":{"name":"(anonymous_16)","line":150,"loc":{"start":{"line":150,"column":9},"end":{"line":150,"column":31}}},"17":{"name":"select","line":163,"loc":{"start":{"line":163,"column":2},"end":{"line":163,"column":45}}},"18":{"name":"collect","line":173,"loc":{"start":{"line":173,"column":2},"end":{"line":173,"column":37}}},"19":{"name":"(anonymous_19)","line":181,"loc":{"start":{"line":181,"column":35},"end":{"line":181,"column":46}}},"20":{"name":"stash","line":214,"loc":{"start":{"line":214,"column":2},"end":{"line":214,"column":35}}},"21":{"name":"(anonymous_21)","line":231,"loc":{"start":{"line":231,"column":28},"end":{"line":231,"column":46}}},"22":{"name":"(anonymous_22)","line":233,"loc":{"start":{"line":233,"column":22},"end":{"line":233,"column":43}}},"23":{"name":"(anonymous_23)","line":257,"loc":{"start":{"line":257,"column":28},"end":{"line":257,"column":50}}},"24":{"name":"start","line":273,"loc":{"start":{"line":273,"column":26},"end":{"line":273,"column":43}}},"25":{"name":"(anonymous_25)","line":280,"loc":{"start":{"line":280,"column":26},"end":{"line":280,"column":37}}},"26":{"name":"parsePrice","line":301,"loc":{"start":{"line":301,"column":0},"end":{"line":301,"column":28}}}},"statementMap":{"1":{"start":{"line":1,"column":0},"end":{"line":1,"column":18}},"2":{"start":{"line":3,"column":0},"end":{"line":3,"column":30}},"3":{"start":{"line":4,"column":0},"end":{"line":4,"column":35}},"4":{"start":{"line":5,"column":0},"end":{"line":5,"column":32}},"5":{"start":{"line":6,"column":0},"end":{"line":6,"column":33}},"6":{"start":{"line":7,"column":0},"end":{"line":7,"column":28}},"7":{"start":{"line":8,"column":0},"end":{"line":8,"column":31}},"8":{"start":{"line":9,"column":0},"end":{"line":9,"column":29}},"9":{"start":{"line":10,"column":0},"end":{"line":10,"column":30}},"10":{"start":{"line":11,"column":0},"end":{"line":11,"column":35}},"11":{"start":{"line":13,"column":0},"end":{"line":13,"column":50}},"12":{"start":{"line":14,"column":0},"end":{"line":14,"column":27}},"13":{"start":{"line":16,"column":0},"end":{"line":16,"column":29}},"14":{"start":{"line":20,"column":0},"end":{"line":45,"column":1}},"15":{"start":{"line":21,"column":2},"end":{"line":23,"column":3}},"16":{"start":{"line":22,"column":4},"end":{"line":22,"column":26}},"17":{"start":{"line":25,"column":2},"end":{"line":25,"column":26}},"18":{"start":{"line":27,"column":2},"end":{"line":27,"column":21}},"19":{"start":{"line":29,"column":2},"end":{"line":29,"column":23}},"20":{"start":{"line":30,"column":2},"end":{"line":30,"column":28}},"21":{"start":{"line":31,"column":2},"end":{"line":31,"column":31}},"22":{"start":{"line":32,"column":2},"end":{"line":32,"column":19}},"23":{"start":{"line":33,"column":2},"end":{"line":33,"column":21}},"24":{"start":{"line":35,"column":2},"end":{"line":38,"column":28}},"25":{"start":{"line":37,"column":6},"end":{"line":37,"column":49}},"26":{"start":{"line":40,"column":2},"end":{"line":44,"column":2}},"27":{"start":{"line":41,"column":4},"end":{"line":41,"column":25}},"28":{"start":{"line":44,"column":2},"end":{"line":44,"column":14}},"29":{"start":{"line":47,"column":0},"end":{"line":47,"column":37}},"30":{"start":{"line":52,"column":0},"end":{"line":271,"column":2}},"31":{"start":{"line":53,"column":2},"end":{"line":53,"column":25}},"32":{"start":{"line":54,"column":2},"end":{"line":54,"column":30}},"33":{"start":{"line":55,"column":2},"end":{"line":55,"column":27}},"34":{"start":{"line":56,"column":2},"end":{"line":56,"column":30}},"35":{"start":{"line":57,"column":2},"end":{"line":57,"column":32}},"36":{"start":{"line":58,"column":2},"end":{"line":58,"column":39}},"37":{"start":{"line":61,"column":2},"end":{"line":61,"column":33}},"38":{"start":{"line":61,"column":19},"end":{"line":61,"column":31}},"39":{"start":{"line":64,"column":2},"end":{"line":64,"column":37}},"40":{"start":{"line":64,"column":23},"end":{"line":64,"column":35}},"41":{"start":{"line":67,"column":2},"end":{"line":67,"column":24}},"42":{"start":{"line":70,"column":2},"end":{"line":70,"column":19}},"43":{"start":{"line":72,"column":2},"end":{"line":158,"column":5}},"44":{"start":{"line":73,"column":4},"end":{"line":76,"column":5}},"45":{"start":{"line":74,"column":6},"end":{"line":74,"column":35}},"46":{"start":{"line":75,"column":6},"end":{"line":75,"column":18}},"47":{"start":{"line":81,"column":4},"end":{"line":91,"column":5}},"48":{"start":{"line":82,"column":6},"end":{"line":88,"column":9}},"49":{"start":{"line":83,"column":8},"end":{"line":85,"column":9}},"50":{"start":{"line":84,"column":10},"end":{"line":84,"column":39}},"51":{"start":{"line":87,"column":8},"end":{"line":87,"column":36}},"52":{"start":{"line":90,"column":6},"end":{"line":90,"column":25}},"53":{"start":{"line":93,"column":4},"end":{"line":157,"column":5}},"54":{"start":{"line":94,"column":6},"end":{"line":106,"column":8}},"55":{"start":{"line":95,"column":8},"end":{"line":95,"column":31}},"56":{"start":{"line":97,"column":8},"end":{"line":103,"column":9}},"57":{"start":{"line":97,"column":19},"end":{"line":97,"column":68}},"58":{"start":{"line":99,"column":10},"end":{"line":102,"column":13}},"59":{"start":{"line":105,"column":8},"end":{"line":105,"column":24}},"60":{"start":{"line":108,"column":6},"end":{"line":123,"column":7}},"61":{"start":{"line":109,"column":8},"end":{"line":122,"column":11}},"62":{"start":{"line":110,"column":10},"end":{"line":112,"column":11}},"63":{"start":{"line":111,"column":12},"end":{"line":111,"column":41}},"64":{"start":{"line":114,"column":10},"end":{"line":119,"column":13}},"65":{"start":{"line":115,"column":12},"end":{"line":118,"column":15}},"66":{"start":{"line":121,"column":10},"end":{"line":121,"column":15}},"67":{"start":{"line":125,"column":6},"end":{"line":140,"column":7}},"68":{"start":{"line":126,"column":8},"end":{"line":139,"column":11}},"69":{"start":{"line":127,"column":10},"end":{"line":129,"column":11}},"70":{"start":{"line":128,"column":12},"end":{"line":128,"column":41}},"71":{"start":{"line":131,"column":10},"end":{"line":136,"column":13}},"72":{"start":{"line":132,"column":12},"end":{"line":135,"column":15}},"73":{"start":{"line":138,"column":10},"end":{"line":138,"column":15}},"74":{"start":{"line":142,"column":6},"end":{"line":144,"column":7}},"75":{"start":{"line":143,"column":8},"end":{"line":143,"column":42}},"76":{"start":{"line":146,"column":6},"end":{"line":156,"column":9}},"77":{"start":{"line":151,"column":8},"end":{"line":153,"column":9}},"78":{"start":{"line":152,"column":10},"end":{"line":152,"column":36}},"79":{"start":{"line":155,"column":8},"end":{"line":155,"column":13}},"80":{"start":{"line":163,"column":2},"end":{"line":169,"column":3}},"81":{"start":{"line":164,"column":4},"end":{"line":164,"column":38}},"82":{"start":{"line":165,"column":4},"end":{"line":165,"column":31}},"83":{"start":{"line":166,"column":4},"end":{"line":166,"column":55}},"84":{"start":{"line":168,"column":4},"end":{"line":168,"column":21}},"85":{"start":{"line":173,"column":2},"end":{"line":211,"column":3}},"86":{"start":{"line":174,"column":4},"end":{"line":174,"column":48}},"87":{"start":{"line":174,"column":25},"end":{"line":174,"column":46}},"88":{"start":{"line":176,"column":4},"end":{"line":176,"column":38}},"89":{"start":{"line":177,"column":4},"end":{"line":177,"column":32}},"90":{"start":{"line":178,"column":4},"end":{"line":178,"column":36}},"91":{"start":{"line":181,"column":4},"end":{"line":208,"column":17}},"92":{"start":{"line":182,"column":6},"end":{"line":182,"column":29}},"93":{"start":{"line":184,"column":6},"end":{"line":184,"column":38}},"94":{"start":{"line":185,"column":6},"end":{"line":185,"column":45}},"95":{"start":{"line":186,"column":6},"end":{"line":186,"column":40}},"96":{"start":{"line":188,"column":6},"end":{"line":205,"column":7}},"97":{"start":{"line":189,"column":8},"end":{"line":194,"column":9}},"98":{"start":{"line":190,"column":10},"end":{"line":190,"column":55}},"99":{"start":{"line":191,"column":10},"end":{"line":191,"column":35}},"100":{"start":{"line":193,"column":10},"end":{"line":193,"column":35}},"101":{"start":{"line":197,"column":8},"end":{"line":199,"column":9}},"102":{"start":{"line":198,"column":10},"end":{"line":198,"column":40}},"103":{"start":{"line":202,"column":8},"end":{"line":204,"column":9}},"104":{"start":{"line":203,"column":10},"end":{"line":203,"column":65}},"105":{"start":{"line":207,"column":6},"end":{"line":207,"column":17}},"106":{"start":{"line":210,"column":4},"end":{"line":210,"column":24}},"107":{"start":{"line":214,"column":2},"end":{"line":270,"column":3}},"108":{"start":{"line":215,"column":4},"end":{"line":215,"column":37}},"109":{"start":{"line":215,"column":23},"end":{"line":215,"column":35}},"110":{"start":{"line":217,"column":4},"end":{"line":217,"column":23}},"111":{"start":{"line":218,"column":4},"end":{"line":218,"column":27}},"112":{"start":{"line":220,"column":4},"end":{"line":220,"column":16}},"113":{"start":{"line":221,"column":4},"end":{"line":221,"column":20}},"114":{"start":{"line":223,"column":4},"end":{"line":251,"column":5}},"115":{"start":{"line":224,"column":6},"end":{"line":224,"column":33}},"116":{"start":{"line":225,"column":6},"end":{"line":229,"column":8}},"117":{"start":{"line":231,"column":6},"end":{"line":250,"column":9}},"118":{"start":{"line":232,"column":8},"end":{"line":249,"column":9}},"119":{"start":{"line":233,"column":10},"end":{"line":245,"column":13}},"120":{"start":{"line":234,"column":12},"end":{"line":234,"column":53}},"121":{"start":{"line":238,"column":12},"end":{"line":243,"column":13}},"122":{"start":{"line":239,"column":14},"end":{"line":240,"column":14}},"123":{"start":{"line":240,"column":14},"end":{"line":240,"column":65}},"124":{"start":{"line":240,"column":51},"end":{"line":240,"column":64}},"125":{"start":{"line":241,"column":19},"end":{"line":243,"column":13}},"126":{"start":{"line":242,"column":14},"end":{"line":242,"column":27}},"127":{"start":{"line":247,"column":10},"end":{"line":248,"column":10}},"128":{"start":{"line":248,"column":10},"end":{"line":248,"column":66}},"129":{"start":{"line":253,"column":4},"end":{"line":253,"column":64}},"130":{"start":{"line":253,"column":30},"end":{"line":253,"column":62}},"131":{"start":{"line":254,"column":4},"end":{"line":254,"column":66}},"132":{"start":{"line":254,"column":30},"end":{"line":254,"column":64}},"133":{"start":{"line":256,"column":4},"end":{"line":269,"column":5}},"134":{"start":{"line":257,"column":6},"end":{"line":265,"column":9}},"135":{"start":{"line":258,"column":8},"end":{"line":260,"column":9}},"136":{"start":{"line":259,"column":10},"end":{"line":259,"column":38}},"137":{"start":{"line":263,"column":8},"end":{"line":263,"column":38}},"138":{"start":{"line":264,"column":8},"end":{"line":264,"column":53}},"139":{"start":{"line":267,"column":6},"end":{"line":267,"column":35}},"140":{"start":{"line":268,"column":6},"end":{"line":268,"column":50}},"141":{"start":{"line":273,"column":0},"end":{"line":292,"column":2}},"142":{"start":{"line":274,"column":2},"end":{"line":274,"column":20}},"143":{"start":{"line":275,"column":2},"end":{"line":275,"column":23}},"144":{"start":{"line":276,"column":2},"end":{"line":279,"column":2}},"145":{"start":{"line":279,"column":2},"end":{"line":291,"column":3}},"146":{"start":{"line":280,"column":4},"end":{"line":285,"column":7}},"147":{"start":{"line":281,"column":6},"end":{"line":284,"column":9}},"148":{"start":{"line":287,"column":4},"end":{"line":290,"column":7}},"149":{"start":{"line":295,"column":0},"end":{"line":301,"column":0}},"150":{"start":{"line":301,"column":0},"end":{"line":304,"column":1}},"151":{"start":{"line":302,"column":2},"end":{"line":302,"column":50}},"152":{"start":{"line":303,"column":2},"end":{"line":303,"column":66}}},"branchMap":{"1":{"line":21,"type":"if","locations":[{"start":{"line":21,"column":2},"end":{"line":21,"column":2}},{"start":{"line":21,"column":2},"end":{"line":21,"column":2}}]},"2":{"line":61,"type":"if","locations":[{"start":{"line":61,"column":2},"end":{"line":61,"column":2}},{"start":{"line":61,"column":2},"end":{"line":61,"column":2}}]},"3":{"line":64,"type":"if","locations":[{"start":{"line":64,"column":2},"end":{"line":64,"column":2}},{"start":{"line":64,"column":2},"end":{"line":64,"column":2}}]},"4":{"line":64,"type":"binary-expr","locations":[{"start":{"line":64,"column":6},"end":{"line":64,"column":10}},{"start":{"line":64,"column":14},"end":{"line":64,"column":19}}]},"5":{"line":73,"type":"if","locations":[{"start":{"line":73,"column":4},"end":{"line":73,"column":4}},{"start":{"line":73,"column":4},"end":{"line":73,"column":4}}]},"6":{"line":81,"type":"if","locations":[{"start":{"line":81,"column":4},"end":{"line":81,"column":4}},{"start":{"line":81,"column":4},"end":{"line":81,"column":4}}]},"7":{"line":83,"type":"if","locations":[{"start":{"line":83,"column":8},"end":{"line":83,"column":8}},{"start":{"line":83,"column":8},"end":{"line":83,"column":8}}]},"8":{"line":87,"type":"binary-expr","locations":[{"start":{"line":87,"column":20},"end":{"line":87,"column":25}},{"start":{"line":87,"column":29},"end":{"line":87,"column":34}}]},"9":{"line":110,"type":"if","locations":[{"start":{"line":110,"column":10},"end":{"line":110,"column":10}},{"start":{"line":110,"column":10},"end":{"line":110,"column":10}}]},"10":{"line":127,"type":"if","locations":[{"start":{"line":127,"column":10},"end":{"line":127,"column":10}},{"start":{"line":127,"column":10},"end":{"line":127,"column":10}}]},"11":{"line":151,"type":"if","locations":[{"start":{"line":151,"column":8},"end":{"line":151,"column":8}},{"start":{"line":151,"column":8},"end":{"line":151,"column":8}}]},"12":{"line":174,"type":"if","locations":[{"start":{"line":174,"column":4},"end":{"line":174,"column":4}},{"start":{"line":174,"column":4},"end":{"line":174,"column":4}}]},"13":{"line":188,"type":"if","locations":[{"start":{"line":188,"column":6},"end":{"line":188,"column":6}},{"start":{"line":188,"column":6},"end":{"line":188,"column":6}}]},"14":{"line":189,"type":"if","locations":[{"start":{"line":189,"column":8},"end":{"line":189,"column":8}},{"start":{"line":189,"column":8},"end":{"line":189,"column":8}}]},"15":{"line":193,"type":"binary-expr","locations":[{"start":{"line":193,"column":17},"end":{"line":193,"column":18}},{"start":{"line":193,"column":22},"end":{"line":193,"column":26}},{"start":{"line":193,"column":31},"end":{"line":193,"column":34}}]},"16":{"line":197,"type":"if","locations":[{"start":{"line":197,"column":8},"end":{"line":197,"column":8}},{"start":{"line":197,"column":8},"end":{"line":197,"column":8}}]},"17":{"line":202,"type":"if","locations":[{"start":{"line":202,"column":8},"end":{"line":202,"column":8}},{"start":{"line":202,"column":8},"end":{"line":202,"column":8}}]},"18":{"line":202,"type":"binary-expr","locations":[{"start":{"line":202,"column":12},"end":{"line":202,"column":27}},{"start":{"line":202,"column":31},"end":{"line":202,"column":58}}]},"19":{"line":203,"type":"cond-expr","locations":[{"start":{"line":203,"column":36},"end":{"line":203,"column":39}},{"start":{"line":203,"column":42},"end":{"line":203,"column":45}}]},"20":{"line":215,"type":"if","locations":[{"start":{"line":215,"column":4},"end":{"line":215,"column":4}},{"start":{"line":215,"column":4},"end":{"line":215,"column":4}}]},"21":{"line":223,"type":"if","locations":[{"start":{"line":223,"column":4},"end":{"line":223,"column":4}},{"start":{"line":223,"column":4},"end":{"line":223,"column":4}}]},"22":{"line":232,"type":"if","locations":[{"start":{"line":232,"column":8},"end":{"line":232,"column":8}},{"start":{"line":232,"column":8},"end":{"line":232,"column":8}}]},"23":{"line":238,"type":"if","locations":[{"start":{"line":238,"column":12},"end":{"line":238,"column":12}},{"start":{"line":238,"column":12},"end":{"line":238,"column":12}}]},"24":{"line":240,"type":"if","locations":[{"start":{"line":240,"column":14},"end":{"line":240,"column":14}},{"start":{"line":240,"column":14},"end":{"line":240,"column":14}}]},"25":{"line":240,"type":"binary-expr","locations":[{"start":{"line":240,"column":18},"end":{"line":240,"column":27}},{"start":{"line":240,"column":31},"end":{"line":240,"column":48}}]},"26":{"line":241,"type":"if","locations":[{"start":{"line":241,"column":19},"end":{"line":241,"column":19}},{"start":{"line":241,"column":19},"end":{"line":241,"column":19}}]},"27":{"line":248,"type":"cond-expr","locations":[{"start":{"line":248,"column":42},"end":{"line":248,"column":58}},{"start":{"line":248,"column":61},"end":{"line":248,"column":65}}]},"28":{"line":253,"type":"if","locations":[{"start":{"line":253,"column":4},"end":{"line":253,"column":4}},{"start":{"line":253,"column":4},"end":{"line":253,"column":4}}]},"29":{"line":254,"type":"if","locations":[{"start":{"line":254,"column":4},"end":{"line":254,"column":4}},{"start":{"line":254,"column":4},"end":{"line":254,"column":4}}]},"30":{"line":256,"type":"if","locations":[{"start":{"line":256,"column":4},"end":{"line":256,"column":4}},{"start":{"line":256,"column":4},"end":{"line":256,"column":4}}]},"31":{"line":258,"type":"if","locations":[{"start":{"line":258,"column":8},"end":{"line":258,"column":8}},{"start":{"line":258,"column":8},"end":{"line":258,"column":8}}]},"32":{"line":279,"type":"if","locations":[{"start":{"line":279,"column":2},"end":{"line":279,"column":2}},{"start":{"line":279,"column":2},"end":{"line":279,"column":2}}]},"33":{"line":303,"type":"binary-expr","locations":[{"start":{"line":303,"column":37},"end":{"line":303,"column":47}},{"start":{"line":303,"column":51},"end":{"line":303,"column":64}}]}}},"/Users/nicholastate/Yayuhh/swiper/params.js":{"path":"/Users/nicholastate/Yayuhh/swiper/params.js","s":{"1":1,"2":1,"3":1,"4":1,"5":0,"6":0,"7":1,"8":1},"b":{"1":[0,1]},"f":{},"fnMap":{},"statementMap":{"1":{"start":{"line":1,"column":0},"end":{"line":1,"column":23}},"2":{"start":{"line":2,"column":0},"end":{"line":17,"column":1}},"3":{"start":{"line":19,"column":0},"end":{"line":19,"column":25}},"4":{"start":{"line":21,"column":0},"end":{"line":24,"column":1}},"5":{"start":{"line":22,"column":2},"end":{"line":22,"column":22}},"6":{"start":{"line":23,"column":2},"end":{"line":23,"column":18}},"7":{"start":{"line":26,"column":0},"end":{"line":26,"column":28}},"8":{"start":{"line":28,"column":0},"end":{"line":28,"column":31}}},"branchMap":{"1":{"line":21,"type":"if","locations":[{"start":{"line":21,"column":0},"end":{"line":21,"column":0}},{"start":{"line":21,"column":0},"end":{"line":21,"column":0}}]}}},"/Users/nicholastate/Yayuhh/swiper/lib/request.js":{"path":"/Users/nicholastate/Yayuhh/swiper/lib/request.js","s":{"1":1,"2":1},"b":{},"f":{},"fnMap":{},"statementMap":{"1":{"start":{"line":1,"column":0},"end":{"line":7,"column":3}},"2":{"start":{"line":9,"column":0},"end":{"line":9,"column":25}}},"branchMap":{}}}