TN:
SF:/Users/nicholastate/Yayuhh/swiper/lib/scutter.js
FN:20,Scutter
FN:36,(anonymous_2)
FN:40,(anonymous_3)
FN:52,step
FN:72,(anonymous_5)
FN:82,(anonymous_6)
FN:93,processHtml
FN:94,(anonymous_8)
FN:108,_collect
FN:109,(anonymous_10)
FN:114,(anonymous_11)
FN:125,_select
FN:126,(anonymous_13)
FN:131,(anonymous_14)
FN:142,_stash
FN:150,(anonymous_16)
FN:163,select
FN:173,collect
FN:181,(anonymous_19)
FN:214,stash
FN:231,(anonymous_21)
FN:233,(anonymous_22)
FN:257,(anonymous_23)
FN:273,start
FN:280,(anonymous_25)
FN:301,parsePrice
FNF:26
FNH:1
FNDA:0,Scutter
FNDA:0,(anonymous_2)
FNDA:0,(anonymous_3)
FNDA:0,step
FNDA:0,(anonymous_5)
FNDA:0,(anonymous_6)
FNDA:0,processHtml
FNDA:0,(anonymous_8)
FNDA:0,_collect
FNDA:0,(anonymous_10)
FNDA:0,(anonymous_11)
FNDA:0,_select
FNDA:0,(anonymous_13)
FNDA:0,(anonymous_14)
FNDA:0,_stash
FNDA:0,(anonymous_16)
FNDA:0,select
FNDA:0,collect
FNDA:0,(anonymous_19)
FNDA:0,stash
FNDA:0,(anonymous_21)
FNDA:0,(anonymous_22)
FNDA:0,(anonymous_23)
FNDA:0,start
FNDA:0,(anonymous_25)
FNDA:3,parsePrice
DA:1,1
DA:3,1
DA:4,1
DA:5,1
DA:6,1
DA:7,1
DA:8,1
DA:9,1
DA:10,1
DA:11,1
DA:13,1
DA:14,1
DA:16,1
DA:20,1
DA:21,0
DA:22,0
DA:25,0
DA:27,0
DA:29,0
DA:30,0
DA:31,0
DA:32,0
DA:33,0
DA:35,0
DA:37,0
DA:40,0
DA:41,0
DA:44,0
DA:47,1
DA:52,1
DA:53,0
DA:54,0
DA:55,0
DA:56,0
DA:57,0
DA:58,0
DA:61,0
DA:64,0
DA:67,0
DA:70,0
DA:72,0
DA:73,0
DA:74,0
DA:75,0
DA:81,0
DA:82,0
DA:83,0
DA:84,0
DA:87,0
DA:90,0
DA:93,1
DA:94,0
DA:95,0
DA:97,0
DA:99,0
DA:105,0
DA:108,1
DA:109,0
DA:110,0
DA:111,0
DA:114,0
DA:115,0
DA:121,0
DA:125,1
DA:126,0
DA:127,0
DA:128,0
DA:131,0
DA:132,0
DA:138,0
DA:142,1
DA:143,0
DA:146,0
DA:151,0
DA:152,0
DA:155,0
DA:163,1
DA:164,0
DA:165,0
DA:166,0
DA:168,0
DA:173,1
DA:174,0
DA:176,0
DA:177,0
DA:178,0
DA:181,0
DA:182,0
DA:184,0
DA:185,0
DA:186,0
DA:188,0
DA:189,0
DA:190,0
DA:191,0
DA:193,0
DA:197,0
DA:198,0
DA:202,0
DA:203,0
DA:207,0
DA:210,0
DA:214,1
DA:215,0
DA:217,0
DA:218,0
DA:220,0
DA:221,0
DA:223,0
DA:224,0
DA:225,0
DA:231,0
DA:232,0
DA:233,0
DA:234,0
DA:238,0
DA:239,0
DA:240,0
DA:241,0
DA:242,0
DA:247,0
DA:248,0
DA:253,0
DA:254,0
DA:256,0
DA:257,0
DA:258,0
DA:259,0
DA:263,0
DA:264,0
DA:267,0
DA:268,0
DA:273,1
DA:274,0
DA:275,0
DA:276,0
DA:279,0
DA:280,0
DA:281,0
DA:287,0
DA:295,1
DA:301,1
DA:302,3
DA:303,3
LF:144
LH:28
BRDA:21,1,0,0
BRDA:21,1,1,0
BRDA:61,2,0,0
BRDA:61,2,1,0
BRDA:64,3,0,0
BRDA:64,3,1,0
BRDA:64,4,0,0
BRDA:64,4,1,0
BRDA:73,5,0,0
BRDA:73,5,1,0
BRDA:81,6,0,0
BRDA:81,6,1,0
BRDA:83,7,0,0
BRDA:83,7,1,0
BRDA:87,8,0,0
BRDA:87,8,1,0
BRDA:110,9,0,0
BRDA:110,9,1,0
BRDA:127,10,0,0
BRDA:127,10,1,0
BRDA:151,11,0,0
BRDA:151,11,1,0
BRDA:174,12,0,0
BRDA:174,12,1,0
BRDA:188,13,0,0
BRDA:188,13,1,0
BRDA:189,14,0,0
BRDA:189,14,1,0
BRDA:193,15,0,0
BRDA:193,15,1,0
BRDA:193,15,2,0
BRDA:197,16,0,0
BRDA:197,16,1,0
BRDA:202,17,0,0
BRDA:202,17,1,0
BRDA:202,18,0,0
BRDA:202,18,1,0
BRDA:203,19,0,0
BRDA:203,19,1,0
BRDA:215,20,0,0
BRDA:215,20,1,0
BRDA:223,21,0,0
BRDA:223,21,1,0
BRDA:232,22,0,0
BRDA:232,22,1,0
BRDA:238,23,0,0
BRDA:238,23,1,0
BRDA:240,24,0,0
BRDA:240,24,1,0
BRDA:240,25,0,0
BRDA:240,25,1,0
BRDA:241,26,0,0
BRDA:241,26,1,0
BRDA:248,27,0,0
BRDA:248,27,1,0
BRDA:253,28,0,0
BRDA:253,28,1,0
BRDA:254,29,0,0
BRDA:254,29,1,0
BRDA:256,30,0,0
BRDA:256,30,1,0
BRDA:258,31,0,0
BRDA:258,31,1,0
BRDA:279,32,0,0
BRDA:279,32,1,0
BRDA:303,33,0,3
BRDA:303,33,1,3
BRF:67
BRH:2
end_of_record
TN:
SF:/Users/nicholastate/Yayuhh/swiper/params.js
FNF:0
FNH:0
DA:1,1
DA:2,1
DA:19,1
DA:21,1
DA:22,0
DA:23,0
DA:26,1
DA:28,1
LF:8
LH:6
BRDA:21,1,0,0
BRDA:21,1,1,1
BRF:2
BRH:1
end_of_record
TN:
SF:/Users/nicholastate/Yayuhh/swiper/lib/request.js
FNF:0
FNH:0
DA:1,1
DA:9,1
LF:2
LH:2
BRF:0
BRH:0
end_of_record
